<?xml version="1.0" encoding="UTF-8"?>
<!-- Generated by org.testng.reporters.JUnitXMLReporter -->
<testsuite ignored="0" hostname="LAPTOP-R2A7MSSV" failures="0" tests="6" name="Default test" time="45.235" errors="0" timestamp="20 Aug 2022 10:13:34 GMT">
  <testcase classname="com.qa.tests.TravelTheWorldPageTest" name="worldPageTitleTest" time="0.039"/>
  <testcase classname="com.qa.tests.TravelTheWorldPageTest" name="beatchLinkClickingTest" time="1.534"/>
  <testcase classname="com.qa.tests.TravelTheWorldPageTest" name="selectCityTest" time="23.158"/>
  <testcase classname="com.qa.tests.TravelTheWorldPageTest" name="chooseFlightTest" time="0.518"/>
  <testcase classname="com.qa.tests.TravelTheWorldPageTest" name="fillTheFlightFormTest" time="0.974"/>
  <testcase classname="com.qa.tests.TravelTheWorldPageTest" name="bookingIDTest" time="0.03"/>
</testsuite> <!-- Default test -->
