<?xml version="1.0" encoding="UTF-8"?>
<testng-results ignored="0" total="6" passed="6" failed="0" skipped="0">
  <reporter-output>
  </reporter-output>
  <suite started-at="2022-08-20T10:12:49Z" name="Default suite" finished-at="2022-08-20T10:13:34Z" duration-ms="45235">
    <groups>
    </groups>
    <test started-at="2022-08-20T10:12:49Z" name="Default test" finished-at="2022-08-20T10:13:34Z" duration-ms="45235">
      <class name="com.qa.tests.TravelTheWorldPageTest">
        <test-method is-config="true" signature="setup()[pri:0, instance:com.qa.tests.TravelTheWorldPageTest@8e50104]" started-at="2022-08-20T10:12:49Z" name="setup" finished-at="2022-08-20T10:13:08Z" duration-ms="18661" status="PASS">
          <reporter-output>
          </reporter-output>
        </test-method> <!-- setup -->
        <test-method signature="worldPageTitleTest()[pri:1, instance:com.qa.tests.TravelTheWorldPageTest@8e50104]" started-at="2022-08-20T10:13:08Z" name="worldPageTitleTest" finished-at="2022-08-20T10:13:08Z" duration-ms="39" status="PASS">
          <reporter-output>
          </reporter-output>
        </test-method> <!-- worldPageTitleTest -->
        <test-method signature="beatchLinkClickingTest()[pri:2, instance:com.qa.tests.TravelTheWorldPageTest@8e50104]" started-at="2022-08-20T10:13:08Z" name="beatchLinkClickingTest" finished-at="2022-08-20T10:13:09Z" duration-ms="1534" status="PASS">
          <reporter-output>
          </reporter-output>
        </test-method> <!-- beatchLinkClickingTest -->
        <test-method signature="selectCityTest()[pri:3, instance:com.qa.tests.TravelTheWorldPageTest@8e50104]" started-at="2022-08-20T10:13:09Z" name="selectCityTest" finished-at="2022-08-20T10:13:33Z" duration-ms="23158" status="PASS">
          <reporter-output>
          </reporter-output>
        </test-method> <!-- selectCityTest -->
        <test-method signature="chooseFlightTest()[pri:4, instance:com.qa.tests.TravelTheWorldPageTest@8e50104]" started-at="2022-08-20T10:13:33Z" name="chooseFlightTest" finished-at="2022-08-20T10:13:33Z" duration-ms="518" status="PASS">
          <reporter-output>
          </reporter-output>
        </test-method> <!-- chooseFlightTest -->
        <test-method signature="fillTheFlightFormTest()[pri:5, instance:com.qa.tests.TravelTheWorldPageTest@8e50104]" started-at="2022-08-20T10:13:33Z" name="fillTheFlightFormTest" finished-at="2022-08-20T10:13:34Z" duration-ms="974" status="PASS">
          <reporter-output>
          </reporter-output>
        </test-method> <!-- fillTheFlightFormTest -->
        <test-method signature="bookingIDTest()[pri:6, instance:com.qa.tests.TravelTheWorldPageTest@8e50104]" started-at="2022-08-20T10:13:34Z" name="bookingIDTest" finished-at="2022-08-20T10:13:34Z" duration-ms="30" status="PASS">
          <reporter-output>
          </reporter-output>
        </test-method> <!-- bookingIDTest -->
        <test-method is-config="true" signature="teardown()[pri:0, instance:com.qa.tests.TravelTheWorldPageTest@8e50104]" started-at="2022-08-20T10:13:34Z" name="teardown" finished-at="2022-08-20T10:13:34Z" duration-ms="297" status="PASS">
          <reporter-output>
          </reporter-output>
        </test-method> <!-- teardown -->
      </class> <!-- com.qa.tests.TravelTheWorldPageTest -->
    </test> <!-- Default test -->
  </suite> <!-- Default suite -->
</testng-results>
